swipeliketinder/build/outputs/logs/manifest-merger-debug-report.txt
-- Merging decision tree log ---
manifest
ADDED from src\main\AndroidManifest.xml:3:1-11:12
INJECTED from src\main\AndroidManifest.xml:3:1-11:12
INJECTED from src\main\AndroidManifest.xml:3:1-11:12
INJECTED from src\main\AndroidManifest.xml:3:1-11:12
INJECTED from src\main\AndroidManifest.xml:3:1-11:12
INJECTED from src\main\AndroidManifest.xml:3:1-11:12
INJECTED from src\main\AndroidManifest.xml:3:1-11:12
	package
		ADDED from src\main\AndroidManifest.xml:5:5-59
		INJECTED from src\main\AndroidManifest.xml
		INJECTED from src\main\AndroidManifest.xml
	android:versionName
		INJECTED from src\main\AndroidManifest.xml
		ADDED from src\main\AndroidManifest.xml:3:1-11:12
		INJECTED from src\main\AndroidManifest.xml
	android:versionCode
		INJECTED from src\main\AndroidManifest.xml
		ADDED from src\main\AndroidManifest.xml:3:1-11:12
		INJECTED from src\main\AndroidManifest.xml
	xmlns:android
		ADDED from src\main\AndroidManifest.xml:4:5-63
application
ADDED from src\main\AndroidManifest.xml:7:5-9:19
	android:label
		ADDED from src\main\AndroidManifest.xml:8:9-41
uses-sdk
INJECTED from src\main\AndroidManifest.xml reason: use-sdk injection requested
INJECTED from src\main\AndroidManifest.xml
INJECTED from src\main\AndroidManifest.xml
INJECTED from src\main\AndroidManifest.xml
INJECTED from src\main\AndroidManifest.xml
	android:targetSdkVersion
		INJECTED from src\main\AndroidManifest.xml
		ADDED from src\main\AndroidManifest.xml
		INJECTED from src\main\AndroidManifest.xml
	android:minSdkVersion
		INJECTED from src\main\AndroidManifest.xml
		ADDED from src\main\AndroidManifest.xml
		INJECTED from src\main\AndroidManifest.xml